Started GET "/" for ::1 at 2020-04-06 14:07:11 -0400

PG::ConnectionBad - FATAL:  database "gigbrite_development" does not exist
:

Started POST "/__better_errors/f2e438020675f623/variables" for ::1 at 2020-04-06 14:07:12 -0400
  [1m[35m (210.4ms)[0m  [1m[35mCREATE DATABASE "gigbrite_development" ENCODING = 'unicode'[0m
  ↳ bin/rails:9
  [1m[35m (136.2ms)[0m  [1m[35mCREATE DATABASE "gigbrite_test" ENCODING = 'unicode'[0m
  ↳ bin/rails:9
Started GET "/" for ::1 at 2020-04-06 14:08:50 -0400
Processing by Rails::WelcomeController#index as HTML
  Rendering /Users/eddyflores/.rbenv/versions/2.5.1/lib/ruby/gems/2.5.0/gems/railties-5.2.4.2/lib/rails/templates/rails/welcome/index.html.erb
  Rendered /Users/eddyflores/.rbenv/versions/2.5.1/lib/ruby/gems/2.5.0/gems/railties-5.2.4.2/lib/rails/templates/rails/welcome/index.html.erb (2.8ms)
Completed 200 OK in 15ms (Views: 10.6ms | ActiveRecord: 0.0ms)


Started GET "/" for ::1 at 2020-04-06 14:08:54 -0400
Processing by Rails::WelcomeController#index as HTML
  Rendering /Users/eddyflores/.rbenv/versions/2.5.1/lib/ruby/gems/2.5.0/gems/railties-5.2.4.2/lib/rails/templates/rails/welcome/index.html.erb
  Rendered /Users/eddyflores/.rbenv/versions/2.5.1/lib/ruby/gems/2.5.0/gems/railties-5.2.4.2/lib/rails/templates/rails/welcome/index.html.erb (2.0ms)
Completed 200 OK in 10ms (Views: 6.1ms | ActiveRecord: 0.0ms)


Started GET "/" for ::1 at 2020-04-06 14:08:58 -0400
Processing by Rails::WelcomeController#index as HTML
  Rendering /Users/eddyflores/.rbenv/versions/2.5.1/lib/ruby/gems/2.5.0/gems/railties-5.2.4.2/lib/rails/templates/rails/welcome/index.html.erb
  Rendered /Users/eddyflores/.rbenv/versions/2.5.1/lib/ruby/gems/2.5.0/gems/railties-5.2.4.2/lib/rails/templates/rails/welcome/index.html.erb (2.0ms)
Completed 200 OK in 11ms (Views: 6.3ms | ActiveRecord: 0.0ms)


Started GET "/" for ::1 at 2020-04-06 14:12:03 -0400
Processing by Rails::WelcomeController#index as HTML
  Rendering /Users/eddyflores/.rbenv/versions/2.5.1/lib/ruby/gems/2.5.0/gems/railties-5.2.4.2/lib/rails/templates/rails/welcome/index.html.erb
  Rendered /Users/eddyflores/.rbenv/versions/2.5.1/lib/ruby/gems/2.5.0/gems/railties-5.2.4.2/lib/rails/templates/rails/welcome/index.html.erb (1.9ms)
Completed 200 OK in 9ms (Views: 6.0ms | ActiveRecord: 0.0ms)


Started GET "/" for ::1 at 2020-04-06 14:12:03 -0400
Processing by Rails::WelcomeController#index as HTML
  Rendering /Users/eddyflores/.rbenv/versions/2.5.1/lib/ruby/gems/2.5.0/gems/railties-5.2.4.2/lib/rails/templates/rails/welcome/index.html.erb
  Rendered /Users/eddyflores/.rbenv/versions/2.5.1/lib/ruby/gems/2.5.0/gems/railties-5.2.4.2/lib/rails/templates/rails/welcome/index.html.erb (1.8ms)
Completed 200 OK in 10ms (Views: 5.2ms | ActiveRecord: 0.0ms)


Started GET "/" for ::1 at 2020-04-06 14:13:15 -0400
Processing by StaticPagesController#root as HTML
  Rendering static_pages/root.html.erb within layouts/application
  Rendered static_pages/root.html.erb within layouts/application (0.3ms)
Completed 200 OK in 1489ms (Views: 1486.6ms | ActiveRecord: 0.0ms)


